<?xml version="1.0" encoding="UTF-8"?>
<!-- Generated by org.testng.reporters.JUnitReportReporter -->
<testsuite hostname="Guru" failures="0" tests="3" name="testcases.LoginTests" time="11.165" errors="0" timestamp="2025-08-02T14:34:59 IST" skipped="0">
  <testcase classname="testcases.LoginTests" name="testInvalidLogin" time="4.559"/>
  <testcase classname="testcases.LoginTests" name="testForgotPassword" time="2.480"/>
  <testcase classname="testcases.LoginTests" name="testValidLogin" time="4.126"/>
</testsuite> <!-- testcases.LoginTests -->
